c:\projects\rpclib\rpclib\build\debug\rpc.pdb
c:\projects\rpclib\rpclib\build\rpc.dir\debug\posix.obj
c:\projects\rpclib\rpclib\build\rpc.dir\debug\format.obj
c:\projects\rpclib\rpclib\build\rpc.dir\debug\optional.obj
c:\projects\rpclib\rpclib\build\rpc.dir\debug\client_error.obj
c:\projects\rpclib\rpclib\build\rpc.dir\debug\response.obj
c:\projects\rpclib\rpclib\build\rpc.dir\debug\server_session.obj
c:\projects\rpclib\rpclib\build\rpc.dir\debug\rpc_error.obj
c:\projects\rpclib\rpclib\build\rpc.dir\debug\this_server.obj
c:\projects\rpclib\rpclib\build\rpc.dir\debug\this_session.obj
c:\projects\rpclib\rpclib\build\rpc.dir\debug\this_handler.obj
c:\projects\rpclib\rpclib\build\rpc.dir\debug\client.obj
c:\projects\rpclib\rpclib\build\rpc.dir\debug\server.obj
c:\projects\rpclib\rpclib\build\rpc.dir\debug\dispatcher.obj
c:\projects\rpclib\rpclib\build\cmakefiles\generate.stamp
c:\projects\rpclib\rpclib\build\debug\rpc.lib
c:\projects\rpclib\rpclib\build\rpc.dir\debug\rpc.tlog\cl.command.1.tlog
c:\projects\rpclib\rpclib\build\rpc.dir\debug\rpc.tlog\cl.items.tlog
c:\projects\rpclib\rpclib\build\rpc.dir\debug\rpc.tlog\cl.read.1.tlog
c:\projects\rpclib\rpclib\build\rpc.dir\debug\rpc.tlog\cl.write.1.tlog
c:\projects\rpclib\rpclib\build\rpc.dir\debug\rpc.tlog\custombuild.command.1.tlog
c:\projects\rpclib\rpclib\build\rpc.dir\debug\rpc.tlog\custombuild.read.1.tlog
c:\projects\rpclib\rpclib\build\rpc.dir\debug\rpc.tlog\custombuild.write.1.tlog
c:\projects\rpclib\rpclib\build\rpc.dir\debug\rpc.tlog\lib-link.read.1.tlog
c:\projects\rpclib\rpclib\build\rpc.dir\debug\rpc.tlog\lib-link.write.1.tlog
c:\projects\rpclib\rpclib\build\rpc.dir\debug\rpc.tlog\lib.command.1.tlog
